Started GET "/" for ::1 at 2021-05-10 12:39:58 -0400

ActiveRecord::NoDatabaseError - FATAL:  database "root_directory_development" does not exist:

Started POST "/__better_errors/afaa6a52e806de49/variables" for ::1 at 2021-05-10 12:39:58 -0400
  [1m[35m (210.7ms)[0m  [1m[35mCREATE DATABASE "root_directory_development" ENCODING = 'unicode'[0m
  ↳ bin/rails:9
  [1m[35m (39.5ms)[0m  [1m[35mCREATE DATABASE "root_directory_test" ENCODING = 'unicode'[0m
  ↳ bin/rails:9
  [1m[35m (97.2ms)[0m  [1m[35mCREATE TABLE "schema_migrations" ("version" character varying NOT NULL PRIMARY KEY)[0m
  ↳ bin/rails:9
  [1m[35m (6.3ms)[0m  [1m[35mCREATE TABLE "ar_internal_metadata" ("key" character varying NOT NULL PRIMARY KEY, "value" character varying, "created_at" timestamp NOT NULL, "updated_at" timestamp NOT NULL)[0m
  ↳ bin/rails:9
  [1m[35m (0.6ms)[0m  [1m[34mSELECT pg_try_advisory_lock(4133873110424056020)[0m
  ↳ bin/rails:9
  [1m[35m (1.1ms)[0m  [1m[34mSELECT "schema_migrations"."version" FROM "schema_migrations" ORDER BY "schema_migrations"."version" ASC[0m
  ↳ bin/rails:9
Migrating to CreateUsers (20210510164247)
  [1m[35m (5.3ms)[0m  [1m[35mBEGIN[0m
  ↳ bin/rails:9
  [1m[35m (16.0ms)[0m  [1m[35mCREATE TABLE "users" ("id" bigserial primary key, "email" character varying NOT NULL, "first_name" character varying NOT NULL, "last_name" character varying NOT NULL, "password_digest" character varying NOT NULL, "session_token" character varying NOT NULL, "created_at" timestamp NOT NULL, "updated_at" timestamp NOT NULL)[0m
  ↳ db/migrate/20210510164247_create_users.rb:3
  [1m[35m (2.3ms)[0m  [1m[35mCREATE UNIQUE INDEX  "index_users_on_email" ON "users"  ("email")[0m
  ↳ db/migrate/20210510164247_create_users.rb:13
  [1m[35m (1.5ms)[0m  [1m[35mCREATE UNIQUE INDEX  "index_users_on_session_token" ON "users"  ("session_token")[0m
  ↳ db/migrate/20210510164247_create_users.rb:14
  [1m[36mActiveRecord::SchemaMigration Create (1.3ms)[0m  [1m[32mINSERT INTO "schema_migrations" ("version") VALUES ($1) RETURNING "version"[0m  [["version", "20210510164247"]]
  ↳ bin/rails:9
  [1m[35m (0.7ms)[0m  [1m[35mCOMMIT[0m
  ↳ bin/rails:9
  [1m[36mActiveRecord::InternalMetadata Load (0.7ms)[0m  [1m[34mSELECT  "ar_internal_metadata".* FROM "ar_internal_metadata" WHERE "ar_internal_metadata"."key" = $1 LIMIT $2[0m  [["key", "environment"], ["LIMIT", 1]]
  ↳ bin/rails:9
  [1m[35m (0.1ms)[0m  [1m[35mBEGIN[0m
  ↳ bin/rails:9
  [1m[36mActiveRecord::InternalMetadata Create (1.6ms)[0m  [1m[32mINSERT INTO "ar_internal_metadata" ("key", "value", "created_at", "updated_at") VALUES ($1, $2, $3, $4) RETURNING "key"[0m  [["key", "environment"], ["value", "development"], ["created_at", "2021-05-10 16:49:56.966972"], ["updated_at", "2021-05-10 16:49:56.966972"]]
  ↳ bin/rails:9
  [1m[35m (0.2ms)[0m  [1m[35mCOMMIT[0m
  ↳ bin/rails:9
  [1m[35m (0.4ms)[0m  [1m[34mSELECT pg_advisory_unlock(4133873110424056020)[0m
  ↳ bin/rails:9
  [1m[35m (0.4ms)[0m  [1m[34mSELECT "schema_migrations"."version" FROM "schema_migrations" ORDER BY "schema_migrations"."version" ASC[0m
  ↳ bin/rails:9
  [1m[35m (1.0ms)[0m  [1m[34mSELECT "schema_migrations"."version" FROM "schema_migrations" ORDER BY "schema_migrations"."version" ASC[0m
  ↳ bin/rails:9
  [1m[35m (0.3ms)[0m  [1m[34mSELECT pg_try_advisory_lock(4133873110424056020)[0m
  ↳ bin/rails:9
  [1m[35m (1.8ms)[0m  [1m[34mSELECT "schema_migrations"."version" FROM "schema_migrations" ORDER BY "schema_migrations"."version" ASC[0m
  ↳ bin/rails:9
Migrating to CreateAddresses (20210510165028)
  [1m[35m (0.2ms)[0m  [1m[35mBEGIN[0m
  ↳ bin/rails:9
  [1m[35m (36.2ms)[0m  [1m[35mCREATE TABLE "addresses" ("id" bigserial primary key, "user_id" integer NOT NULL, "first_name" character varying NOT NULL, "last_name" character varying NOT NULL, "company" character varying, "address_1" character varying NOT NULL, "addess_2" character varying, "city" character varying NOT NULL, "state" character varying NOT NULL, "country" character varying NOT NULL, "zip_code" character varying NOT NULL, "phone_number" character varying NOT NULL, "created_at" timestamp NOT NULL, "updated_at" timestamp NOT NULL)[0m
  ↳ db/migrate/20210510165028_create_addresses.rb:3
  [1m[35m (2.0ms)[0m  [1m[35mCREATE  INDEX  "index_addresses_on_user_id" ON "addresses"  ("user_id")[0m
  ↳ db/migrate/20210510165028_create_addresses.rb:19
  [1m[36mActiveRecord::SchemaMigration Create (1.2ms)[0m  [1m[32mINSERT INTO "schema_migrations" ("version") VALUES ($1) RETURNING "version"[0m  [["version", "20210510165028"]]
  ↳ bin/rails:9
  [1m[35m (1.3ms)[0m  [1m[35mCOMMIT[0m
  ↳ bin/rails:9
  [1m[36mActiveRecord::InternalMetadata Load (1.9ms)[0m  [1m[34mSELECT  "ar_internal_metadata".* FROM "ar_internal_metadata" WHERE "ar_internal_metadata"."key" = $1 LIMIT $2[0m  [["key", "environment"], ["LIMIT", 1]]
  ↳ bin/rails:9
  [1m[35m (0.2ms)[0m  [1m[35mBEGIN[0m
  ↳ bin/rails:9
  [1m[35m (0.2ms)[0m  [1m[35mCOMMIT[0m
  ↳ bin/rails:9
  [1m[35m (0.6ms)[0m  [1m[34mSELECT pg_advisory_unlock(4133873110424056020)[0m
  ↳ bin/rails:9
  [1m[35m (0.5ms)[0m  [1m[34mSELECT "schema_migrations"."version" FROM "schema_migrations" ORDER BY "schema_migrations"."version" ASC[0m
  ↳ bin/rails:9
  [1m[35m (0.4ms)[0m  [1m[34mSELECT pg_try_advisory_lock(4133873110424056020)[0m
  ↳ bin/rails:9
  [1m[35m (1.9ms)[0m  [1m[34mSELECT "schema_migrations"."version" FROM "schema_migrations" ORDER BY "schema_migrations"."version" ASC[0m
  ↳ bin/rails:9
Migrating to CreateProducts (20210510170940)
  [1m[35m (0.2ms)[0m  [1m[35mBEGIN[0m
  ↳ bin/rails:9
  [1m[35m (17.3ms)[0m  [1m[35mCREATE TABLE "products" ("id" bigserial primary key, "category" character varying NOT NULL, "created_at" timestamp NOT NULL, "updated_at" timestamp NOT NULL)[0m
  ↳ db/migrate/20210510170940_create_products.rb:3
  [1m[36mActiveRecord::SchemaMigration Create (0.7ms)[0m  [1m[32mINSERT INTO "schema_migrations" ("version") VALUES ($1) RETURNING "version"[0m  [["version", "20210510170940"]]
  ↳ bin/rails:9
  [1m[35m (0.9ms)[0m  [1m[35mCOMMIT[0m
  ↳ bin/rails:9
  [1m[36mActiveRecord::InternalMetadata Load (1.0ms)[0m  [1m[34mSELECT  "ar_internal_metadata".* FROM "ar_internal_metadata" WHERE "ar_internal_metadata"."key" = $1 LIMIT $2[0m  [["key", "environment"], ["LIMIT", 1]]
  ↳ bin/rails:9
  [1m[35m (0.1ms)[0m  [1m[35mBEGIN[0m
  ↳ bin/rails:9
  [1m[35m (0.1ms)[0m  [1m[35mCOMMIT[0m
  ↳ bin/rails:9
  [1m[35m (0.3ms)[0m  [1m[34mSELECT pg_advisory_unlock(4133873110424056020)[0m
  ↳ bin/rails:9
  [1m[35m (0.4ms)[0m  [1m[34mSELECT "schema_migrations"."version" FROM "schema_migrations" ORDER BY "schema_migrations"."version" ASC[0m
  ↳ bin/rails:9
  [1m[35m (0.7ms)[0m  [1m[34mSELECT "schema_migrations"."version" FROM "schema_migrations" ORDER BY "schema_migrations"."version" ASC[0m
  ↳ bin/rails:9
  [1m[35m (0.3ms)[0m  [1m[34mSELECT pg_try_advisory_lock(4133873110424056020)[0m
  ↳ bin/rails:9
  [1m[35m (1.9ms)[0m  [1m[34mSELECT "schema_migrations"."version" FROM "schema_migrations" ORDER BY "schema_migrations"."version" ASC[0m
  ↳ bin/rails:9
Migrating to CreatePlants (20210510171733)
  [1m[35m (0.2ms)[0m  [1m[35mBEGIN[0m
  ↳ bin/rails:9
  [1m[35m (4.6ms)[0m  [1m[31mROLLBACK[0m
  ↳ bin/rails:9
  [1m[35m (0.5ms)[0m  [1m[34mSELECT pg_advisory_unlock(4133873110424056020)[0m
  ↳ bin/rails:9
  [1m[35m (0.2ms)[0m  [1m[34mSELECT pg_try_advisory_lock(4133873110424056020)[0m
  ↳ bin/rails:9
  [1m[35m (1.7ms)[0m  [1m[34mSELECT "schema_migrations"."version" FROM "schema_migrations" ORDER BY "schema_migrations"."version" ASC[0m
  ↳ bin/rails:9
Migrating to CreatePlants (20210510171733)
  [1m[35m (0.2ms)[0m  [1m[35mBEGIN[0m
  ↳ bin/rails:9
  [1m[35m (13.4ms)[0m  [1m[35mCREATE TABLE "plants" ("id" bigserial primary key, "product_id" integer NOT NULL, "plant_db_id" integer NOT NULL, "name" character varying NOT NULL, "inches" integer NOT NULL, "price" float NOT NULL, "type" character varying NOT NULL, "light" character varying NOT NULL, "care_level" character varying NOT NULL, "benefits" character varying NOT NULL, "overview" text NOT NULL, "care" text NOT NULL, "created_at" timestamp NOT NULL, "updated_at" timestamp NOT NULL)[0m
  ↳ db/migrate/20210510171733_create_plants.rb:3
  [1m[35m (2.2ms)[0m  [1m[31mROLLBACK[0m
  ↳ bin/rails:9
  [1m[35m (0.4ms)[0m  [1m[34mSELECT pg_advisory_unlock(4133873110424056020)[0m
  ↳ bin/rails:9
  [1m[35m (0.2ms)[0m  [1m[34mSELECT pg_try_advisory_lock(4133873110424056020)[0m
  ↳ bin/rails:9
  [1m[35m (0.7ms)[0m  [1m[34mSELECT "schema_migrations"."version" FROM "schema_migrations" ORDER BY "schema_migrations"."version" ASC[0m
  ↳ bin/rails:9
Migrating to CreatePlants (20210510171733)
  [1m[35m (0.1ms)[0m  [1m[35mBEGIN[0m
  ↳ bin/rails:9
  [1m[35m (11.1ms)[0m  [1m[35mCREATE TABLE "plants" ("id" bigserial primary key, "product_id" integer NOT NULL, "plant_db_id" integer NOT NULL, "name" character varying NOT NULL, "inches" integer NOT NULL, "price" float NOT NULL, "type" character varying NOT NULL, "light" character varying NOT NULL, "care_level" character varying NOT NULL, "benefits" character varying NOT NULL, "overview" text NOT NULL, "care" text NOT NULL, "created_at" timestamp NOT NULL, "updated_at" timestamp NOT NULL)[0m
  ↳ db/migrate/20210510171733_create_plants.rb:3
  [1m[35m (1.2ms)[0m  [1m[35mCREATE  INDEX  "index_plants_on_product_id" ON "plants"  ("product_id")[0m
  ↳ db/migrate/20210510171733_create_plants.rb:19
  [1m[35m (0.7ms)[0m  [1m[35mCREATE  INDEX  "index_plants_on_plant_db_id" ON "plants"  ("plant_db_id")[0m
  ↳ db/migrate/20210510171733_create_plants.rb:20
  [1m[35m (1.0ms)[0m  [1m[35mCREATE  INDEX  "index_plants_on_name" ON "plants"  ("name")[0m
  ↳ db/migrate/20210510171733_create_plants.rb:21
  [1m[35m (2.8ms)[0m  [1m[35mCREATE  INDEX  "index_plants_on_inches" ON "plants"  ("inches")[0m
  ↳ db/migrate/20210510171733_create_plants.rb:22
  [1m[35m (1.1ms)[0m  [1m[35mCREATE  INDEX  "index_plants_on_price" ON "plants"  ("price")[0m
  ↳ db/migrate/20210510171733_create_plants.rb:23
  [1m[35m (2.0ms)[0m  [1m[35mCREATE  INDEX  "index_plants_on_type" ON "plants"  ("type")[0m
  ↳ db/migrate/20210510171733_create_plants.rb:24
  [1m[35m (8.2ms)[0m  [1m[35mCREATE  INDEX  "index_plants_on_size" ON "plants"  ("size")[0m
  ↳ db/migrate/20210510171733_create_plants.rb:25
  [1m[35m (0.3ms)[0m  [1m[31mROLLBACK[0m
  ↳ bin/rails:9
  [1m[35m (0.7ms)[0m  [1m[34mSELECT pg_advisory_unlock(4133873110424056020)[0m
  ↳ bin/rails:9
  [1m[35m (0.3ms)[0m  [1m[34mSELECT pg_try_advisory_lock(4133873110424056020)[0m
  ↳ bin/rails:9
  [1m[35m (1.6ms)[0m  [1m[34mSELECT "schema_migrations"."version" FROM "schema_migrations" ORDER BY "schema_migrations"."version" ASC[0m
  ↳ bin/rails:9
Migrating to CreatePlants (20210510171733)
  [1m[35m (0.2ms)[0m  [1m[35mBEGIN[0m
  ↳ bin/rails:9
  [1m[35m (14.9ms)[0m  [1m[35mCREATE TABLE "plants" ("id" bigserial primary key, "product_id" integer NOT NULL, "plant_db_id" integer NOT NULL, "name" character varying NOT NULL, "inches" integer NOT NULL, "price" float NOT NULL, "type" character varying NOT NULL, "size" character varying NOT NULL, "light" character varying NOT NULL, "care_level" character varying NOT NULL, "benefits" character varying NOT NULL, "overview" text NOT NULL, "care" text NOT NULL, "created_at" timestamp NOT NULL, "updated_at" timestamp NOT NULL)[0m
  ↳ db/migrate/20210510171733_create_plants.rb:3
  [1m[35m (2.0ms)[0m  [1m[35mCREATE  INDEX  "index_plants_on_product_id" ON "plants"  ("product_id")[0m
  ↳ db/migrate/20210510171733_create_plants.rb:20
  [1m[35m (0.9ms)[0m  [1m[35mCREATE  INDEX  "index_plants_on_plant_db_id" ON "plants"  ("plant_db_id")[0m
  ↳ db/migrate/20210510171733_create_plants.rb:21
  [1m[35m (1.2ms)[0m  [1m[35mCREATE  INDEX  "index_plants_on_name" ON "plants"  ("name")[0m
  ↳ db/migrate/20210510171733_create_plants.rb:22
  [1m[35m (1.1ms)[0m  [1m[35mCREATE  INDEX  "index_plants_on_inches" ON "plants"  ("inches")[0m
  ↳ db/migrate/20210510171733_create_plants.rb:23
  [1m[35m (1.1ms)[0m  [1m[35mCREATE  INDEX  "index_plants_on_price" ON "plants"  ("price")[0m
  ↳ db/migrate/20210510171733_create_plants.rb:24
  [1m[35m (1.0ms)[0m  [1m[35mCREATE  INDEX  "index_plants_on_type" ON "plants"  ("type")[0m
  ↳ db/migrate/20210510171733_create_plants.rb:25
  [1m[35m (2.8ms)[0m  [1m[35mCREATE  INDEX  "index_plants_on_size" ON "plants"  ("size")[0m
  ↳ db/migrate/20210510171733_create_plants.rb:26
  [1m[35m (2.1ms)[0m  [1m[35mCREATE  INDEX  "index_plants_on_light" ON "plants"  ("light")[0m
  ↳ db/migrate/20210510171733_create_plants.rb:27
  [1m[35m (1.2ms)[0m  [1m[35mCREATE  INDEX  "index_plants_on_care_level" ON "plants"  ("care_level")[0m
  ↳ db/migrate/20210510171733_create_plants.rb:28
  [1m[35m (1.7ms)[0m  [1m[35mCREATE  INDEX  "index_plants_on_benefits" ON "plants"  ("benefits")[0m
  ↳ db/migrate/20210510171733_create_plants.rb:29
  [1m[36mActiveRecord::SchemaMigration Create (1.2ms)[0m  [1m[32mINSERT INTO "schema_migrations" ("version") VALUES ($1) RETURNING "version"[0m  [["version", "20210510171733"]]
  ↳ bin/rails:9
  [1m[35m (1.6ms)[0m  [1m[35mCOMMIT[0m
  ↳ bin/rails:9
  [1m[36mActiveRecord::InternalMetadata Load (3.2ms)[0m  [1m[34mSELECT  "ar_internal_metadata".* FROM "ar_internal_metadata" WHERE "ar_internal_metadata"."key" = $1 LIMIT $2[0m  [["key", "environment"], ["LIMIT", 1]]
  ↳ bin/rails:9
  [1m[35m (0.3ms)[0m  [1m[35mBEGIN[0m
  ↳ bin/rails:9
  [1m[35m (0.1ms)[0m  [1m[35mCOMMIT[0m
  ↳ bin/rails:9
  [1m[35m (0.4ms)[0m  [1m[34mSELECT pg_advisory_unlock(4133873110424056020)[0m
  ↳ bin/rails:9
  [1m[35m (0.5ms)[0m  [1m[34mSELECT "schema_migrations"."version" FROM "schema_migrations" ORDER BY "schema_migrations"."version" ASC[0m
  ↳ bin/rails:9
  [1m[35m (0.2ms)[0m  [1m[34mSELECT pg_try_advisory_lock(4133873110424056020)[0m
  ↳ bin/rails:9
  [1m[35m (1.8ms)[0m  [1m[34mSELECT "schema_migrations"."version" FROM "schema_migrations" ORDER BY "schema_migrations"."version" ASC[0m
  ↳ bin/rails:9
Migrating to CreatePlanters (20210510174304)
  [1m[35m (0.2ms)[0m  [1m[34mSELECT pg_advisory_unlock(4133873110424056020)[0m
  ↳ bin/rails:9
  [1m[35m (0.3ms)[0m  [1m[34mSELECT pg_try_advisory_lock(4133873110424056020)[0m
  ↳ bin/rails:9
  [1m[35m (2.1ms)[0m  [1m[34mSELECT "schema_migrations"."version" FROM "schema_migrations" ORDER BY "schema_migrations"."version" ASC[0m
  ↳ bin/rails:9
Migrating to CreatePlanters (20210510174304)
  [1m[35m (0.5ms)[0m  [1m[35mBEGIN[0m
  ↳ bin/rails:9
  [1m[35m (24.3ms)[0m  [1m[35mCREATE TABLE "planters" ("id" bigserial primary key, "product_id" integer NOT NULL, "name" character varying NOT NULL, "price" float NOT NULL, "size" character varying NOT NULL, "color" character varying NOT NULL, "material" character varying NOT NULL, "overview" text NOT NULL, "details" text NOT NULL, "dimensions" text NOT NULL, "created_at" timestamp NOT NULL, "updated_at" timestamp NOT NULL)[0m
  ↳ db/migrate/20210510174304_create_planters.rb:3
  [1m[35m (3.0ms)[0m  [1m[31mROLLBACK[0m
  ↳ bin/rails:9
  [1m[35m (0.6ms)[0m  [1m[34mSELECT pg_advisory_unlock(4133873110424056020)[0m
  ↳ bin/rails:9
  [1m[35m (0.2ms)[0m  [1m[34mSELECT pg_try_advisory_lock(4133873110424056020)[0m
  ↳ bin/rails:9
  [1m[35m (1.6ms)[0m  [1m[34mSELECT "schema_migrations"."version" FROM "schema_migrations" ORDER BY "schema_migrations"."version" ASC[0m
  ↳ bin/rails:9
Migrating to CreatePlanters (20210510174304)
  [1m[35m (0.2ms)[0m  [1m[35mBEGIN[0m
  ↳ bin/rails:9
  [1m[35m (10.9ms)[0m  [1m[35mCREATE TABLE "planters" ("id" bigserial primary key, "product_id" integer NOT NULL, "name" character varying NOT NULL, "price" float NOT NULL, "size" character varying NOT NULL, "color" character varying NOT NULL, "material" character varying NOT NULL, "overview" text NOT NULL, "details" text NOT NULL, "dimensions" text NOT NULL, "created_at" timestamp NOT NULL, "updated_at" timestamp NOT NULL)[0m
  ↳ db/migrate/20210510174304_create_planters.rb:3
  [1m[35m (1.2ms)[0m  [1m[35mCREATE  INDEX  "index_planters_on_product_id" ON "planters"  ("product_id")[0m
  ↳ db/migrate/20210510174304_create_planters.rb:17
  [1m[35m (0.7ms)[0m  [1m[35mCREATE  INDEX  "index_planters_on_name" ON "planters"  ("name")[0m
  ↳ db/migrate/20210510174304_create_planters.rb:18
  [1m[35m (2.0ms)[0m  [1m[35mCREATE  INDEX  "index_planters_on_price" ON "planters"  ("price")[0m
  ↳ db/migrate/20210510174304_create_planters.rb:19
  [1m[35m (0.9ms)[0m  [1m[35mCREATE  INDEX  "index_planters_on_size" ON "planters"  ("size")[0m
  ↳ db/migrate/20210510174304_create_planters.rb:20
  [1m[35m (0.8ms)[0m  [1m[35mCREATE  INDEX  "index_planters_on_color" ON "planters"  ("color")[0m
  ↳ db/migrate/20210510174304_create_planters.rb:21
  [1m[35m (1.1ms)[0m  [1m[35mCREATE  INDEX  "index_planters_on_material" ON "planters"  ("material")[0m
  ↳ db/migrate/20210510174304_create_planters.rb:22
  [1m[36mActiveRecord::SchemaMigration Create (0.4ms)[0m  [1m[32mINSERT INTO "schema_migrations" ("version") VALUES ($1) RETURNING "version"[0m  [["version", "20210510174304"]]
  ↳ bin/rails:9
  [1m[35m (0.5ms)[0m  [1m[35mCOMMIT[0m
  ↳ bin/rails:9
  [1m[36mActiveRecord::InternalMetadata Load (0.7ms)[0m  [1m[34mSELECT  "ar_internal_metadata".* FROM "ar_internal_metadata" WHERE "ar_internal_metadata"."key" = $1 LIMIT $2[0m  [["key", "environment"], ["LIMIT", 1]]
  ↳ bin/rails:9
  [1m[35m (1.1ms)[0m  [1m[35mBEGIN[0m
  ↳ bin/rails:9
  [1m[35m (0.4ms)[0m  [1m[35mCOMMIT[0m
  ↳ bin/rails:9
  [1m[35m (0.5ms)[0m  [1m[34mSELECT pg_advisory_unlock(4133873110424056020)[0m
  ↳ bin/rails:9
  [1m[35m (0.3ms)[0m  [1m[34mSELECT "schema_migrations"."version" FROM "schema_migrations" ORDER BY "schema_migrations"."version" ASC[0m
  ↳ bin/rails:9
  [1m[35m (0.2ms)[0m  [1m[34mSELECT pg_try_advisory_lock(4133873110424056020)[0m
  ↳ bin/rails:9
  [1m[35m (2.2ms)[0m  [1m[34mSELECT "schema_migrations"."version" FROM "schema_migrations" ORDER BY "schema_migrations"."version" ASC[0m
  ↳ bin/rails:9
Migrating to CreateAccessories (20210510174920)
  [1m[35m (0.1ms)[0m  [1m[35mBEGIN[0m
  ↳ bin/rails:9
  [1m[35m (22.1ms)[0m  [1m[35mCREATE TABLE "accessories" ("id" bigserial primary key, "product_id" integer NOT NULL, "name" character varying NOT NULL, "price" float NOT NULL, "overview" text NOT NULL, "details" text NOT NULL, "dimensions" text NOT NULL, "created_at" timestamp NOT NULL, "updated_at" timestamp NOT NULL)[0m
  ↳ db/migrate/20210510174920_create_accessories.rb:3
  [1m[35m (2.3ms)[0m  [1m[35mCREATE  INDEX  "index_accessories_on_product_id" ON "accessories"  ("product_id")[0m
  ↳ db/migrate/20210510174920_create_accessories.rb:14
  [1m[35m (2.2ms)[0m  [1m[35mCREATE  INDEX  "index_accessories_on_name" ON "accessories"  ("name")[0m
  ↳ db/migrate/20210510174920_create_accessories.rb:15
  [1m[35m (1.9ms)[0m  [1m[35mCREATE  INDEX  "index_accessories_on_price" ON "accessories"  ("price")[0m
  ↳ db/migrate/20210510174920_create_accessories.rb:16
  [1m[36mActiveRecord::SchemaMigration Create (0.9ms)[0m  [1m[32mINSERT INTO "schema_migrations" ("version") VALUES ($1) RETURNING "version"[0m  [["version", "20210510174920"]]
  ↳ bin/rails:9
  [1m[35m (1.3ms)[0m  [1m[35mCOMMIT[0m
  ↳ bin/rails:9
  [1m[36mActiveRecord::InternalMetadata Load (0.9ms)[0m  [1m[34mSELECT  "ar_internal_metadata".* FROM "ar_internal_metadata" WHERE "ar_internal_metadata"."key" = $1 LIMIT $2[0m  [["key", "environment"], ["LIMIT", 1]]
  ↳ bin/rails:9
  [1m[35m (0.2ms)[0m  [1m[35mBEGIN[0m
  ↳ bin/rails:9
  [1m[35m (0.3ms)[0m  [1m[35mCOMMIT[0m
  ↳ bin/rails:9
  [1m[35m (0.6ms)[0m  [1m[34mSELECT pg_advisory_unlock(4133873110424056020)[0m
  ↳ bin/rails:9
  [1m[35m (0.6ms)[0m  [1m[34mSELECT "schema_migrations"."version" FROM "schema_migrations" ORDER BY "schema_migrations"."version" ASC[0m
  ↳ bin/rails:9
  [1m[35m (0.2ms)[0m  [1m[34mSELECT pg_try_advisory_lock(4133873110424056020)[0m
  ↳ bin/rails:9
  [1m[35m (2.7ms)[0m  [1m[34mSELECT "schema_migrations"."version" FROM "schema_migrations" ORDER BY "schema_migrations"."version" ASC[0m
  ↳ bin/rails:9
Migrating to CreateCart (20210510175331)
  [1m[35m (0.2ms)[0m  [1m[35mBEGIN[0m
  ↳ bin/rails:9
  [1m[35m (12.3ms)[0m  [1m[35mCREATE TABLE "carts" ("id" bigserial primary key, "user_id" integer NOT NULL, "completed" boolean NOT NULL, "created_at" timestamp NOT NULL, "updated_at" timestamp NOT NULL)[0m
  ↳ db/migrate/20210510175331_create_cart.rb:3
  [1m[35m (1.9ms)[0m  [1m[35mCREATE  INDEX  "index_carts_on_user_id" ON "carts"  ("user_id")[0m
  ↳ db/migrate/20210510175331_create_cart.rb:10
  [1m[35m (15.7ms)[0m  [1m[35mCREATE  INDEX  "index_carts_on_completed" ON "carts"  ("completed")[0m
  ↳ db/migrate/20210510175331_create_cart.rb:11
  [1m[36mActiveRecord::SchemaMigration Create (0.5ms)[0m  [1m[32mINSERT INTO "schema_migrations" ("version") VALUES ($1) RETURNING "version"[0m  [["version", "20210510175331"]]
  ↳ bin/rails:9
  [1m[35m (1.0ms)[0m  [1m[35mCOMMIT[0m
  ↳ bin/rails:9
  [1m[36mActiveRecord::InternalMetadata Load (0.8ms)[0m  [1m[34mSELECT  "ar_internal_metadata".* FROM "ar_internal_metadata" WHERE "ar_internal_metadata"."key" = $1 LIMIT $2[0m  [["key", "environment"], ["LIMIT", 1]]
  ↳ bin/rails:9
  [1m[35m (0.4ms)[0m  [1m[35mBEGIN[0m
  ↳ bin/rails:9
  [1m[35m (0.1ms)[0m  [1m[35mCOMMIT[0m
  ↳ bin/rails:9
  [1m[35m (0.5ms)[0m  [1m[34mSELECT pg_advisory_unlock(4133873110424056020)[0m
  ↳ bin/rails:9
  [1m[35m (0.6ms)[0m  [1m[34mSELECT "schema_migrations"."version" FROM "schema_migrations" ORDER BY "schema_migrations"."version" ASC[0m
  ↳ bin/rails:9
  [1m[35m (1.9ms)[0m  [1m[34mSELECT "schema_migrations"."version" FROM "schema_migrations" ORDER BY "schema_migrations"."version" ASC[0m
  ↳ bin/rails:9
  [1m[35m (0.3ms)[0m  [1m[34mSELECT pg_try_advisory_lock(4133873110424056020)[0m
  ↳ bin/rails:9
  [1m[35m (1.7ms)[0m  [1m[34mSELECT "schema_migrations"."version" FROM "schema_migrations" ORDER BY "schema_migrations"."version" ASC[0m
  ↳ bin/rails:9
Migrating to CreateCartItems (20210510175605)
  [1m[35m (0.2ms)[0m  [1m[35mBEGIN[0m
  ↳ bin/rails:9
  [1m[35m (34.9ms)[0m  [1m[35mCREATE TABLE "cart_items" ("id" bigserial primary key, "cart_id" integer NOT NULL, "product_id" integer NOT NULL, "quantity" integer NOT NULL, "created_at" timestamp NOT NULL, "updated_at" timestamp NOT NULL)[0m
  ↳ db/migrate/20210510175605_create_cart_items.rb:3
  [1m[35m (2.2ms)[0m  [1m[35mCREATE  INDEX  "index_cart_items_on_cart_id" ON "cart_items"  ("cart_id")[0m
  ↳ db/migrate/20210510175605_create_cart_items.rb:11
  [1m[35m (1.8ms)[0m  [1m[35mCREATE  INDEX  "index_cart_items_on_product_id" ON "cart_items"  ("product_id")[0m
  ↳ db/migrate/20210510175605_create_cart_items.rb:12
  [1m[36mActiveRecord::SchemaMigration Create (0.9ms)[0m  [1m[32mINSERT INTO "schema_migrations" ("version") VALUES ($1) RETURNING "version"[0m  [["version", "20210510175605"]]
  ↳ bin/rails:9
  [1m[35m (1.2ms)[0m  [1m[35mCOMMIT[0m
  ↳ bin/rails:9
  [1m[36mActiveRecord::InternalMetadata Load (0.9ms)[0m  [1m[34mSELECT  "ar_internal_metadata".* FROM "ar_internal_metadata" WHERE "ar_internal_metadata"."key" = $1 LIMIT $2[0m  [["key", "environment"], ["LIMIT", 1]]
  ↳ bin/rails:9
  [1m[35m (0.1ms)[0m  [1m[35mBEGIN[0m
  ↳ bin/rails:9
  [1m[35m (0.1ms)[0m  [1m[35mCOMMIT[0m
  ↳ bin/rails:9
  [1m[35m (0.3ms)[0m  [1m[34mSELECT pg_advisory_unlock(4133873110424056020)[0m
  ↳ bin/rails:9
  [1m[35m (0.6ms)[0m  [1m[34mSELECT "schema_migrations"."version" FROM "schema_migrations" ORDER BY "schema_migrations"."version" ASC[0m
  ↳ bin/rails:9
  [1m[35m (0.7ms)[0m  [1m[34mSELECT pg_try_advisory_lock(4133873110424056020)[0m
  ↳ bin/rails:9
  [1m[35m (2.5ms)[0m  [1m[34mSELECT "schema_migrations"."version" FROM "schema_migrations" ORDER BY "schema_migrations"."version" ASC[0m
  ↳ bin/rails:9
Migrating to CreateOrders (20210510175836)
  [1m[35m (1.8ms)[0m  [1m[35mBEGIN[0m
  ↳ bin/rails:9
  [1m[35m (14.3ms)[0m  [1m[35mCREATE TABLE "orders" ("id" bigserial primary key, "user_id" integer NOT NULL, "cart_id" integer NOT NULL, "address_id" integer NOT NULL, "delivery_date" timestamp NOT NULL, "delivery_type" character varying NOT NULL, "order_total" integer NOT NULL, "created_at" timestamp NOT NULL, "updated_at" timestamp NOT NULL)[0m
  ↳ db/migrate/20210510175836_create_orders.rb:3
  [1m[35m (2.3ms)[0m  [1m[35mCREATE  INDEX  "index_orders_on_user_id" ON "orders"  ("user_id")[0m
  ↳ db/migrate/20210510175836_create_orders.rb:14
  [1m[35m (3.4ms)[0m  [1m[35mCREATE  INDEX  "index_orders_on_cart_id" ON "orders"  ("cart_id")[0m
  ↳ db/migrate/20210510175836_create_orders.rb:15
  [1m[35m (1.5ms)[0m  [1m[35mCREATE  INDEX  "index_orders_on_address_id" ON "orders"  ("address_id")[0m
  ↳ db/migrate/20210510175836_create_orders.rb:16
  [1m[36mActiveRecord::SchemaMigration Create (1.2ms)[0m  [1m[32mINSERT INTO "schema_migrations" ("version") VALUES ($1) RETURNING "version"[0m  [["version", "20210510175836"]]
  ↳ bin/rails:9
  [1m[35m (1.7ms)[0m  [1m[35mCOMMIT[0m
  ↳ bin/rails:9
  [1m[36mActiveRecord::InternalMetadata Load (1.0ms)[0m  [1m[34mSELECT  "ar_internal_metadata".* FROM "ar_internal_metadata" WHERE "ar_internal_metadata"."key" = $1 LIMIT $2[0m  [["key", "environment"], ["LIMIT", 1]]
  ↳ bin/rails:9
  [1m[35m (0.3ms)[0m  [1m[35mBEGIN[0m
  ↳ bin/rails:9
  [1m[35m (0.1ms)[0m  [1m[35mCOMMIT[0m
  ↳ bin/rails:9
  [1m[35m (0.4ms)[0m  [1m[34mSELECT pg_advisory_unlock(4133873110424056020)[0m
  ↳ bin/rails:9
  [1m[35m (0.4ms)[0m  [1m[34mSELECT "schema_migrations"."version" FROM "schema_migrations" ORDER BY "schema_migrations"."version" ASC[0m
  ↳ bin/rails:9
  [1m[35m (0.2ms)[0m  [1m[34mSELECT pg_try_advisory_lock(4133873110424056020)[0m
  ↳ bin/rails:9
  [1m[35m (1.9ms)[0m  [1m[34mSELECT "schema_migrations"."version" FROM "schema_migrations" ORDER BY "schema_migrations"."version" ASC[0m
  ↳ bin/rails:9
Migrating to CreateBlogs (20210510180433)
  [1m[35m (0.1ms)[0m  [1m[35mBEGIN[0m
  ↳ bin/rails:9
  [1m[35m (18.3ms)[0m  [1m[35mCREATE TABLE "blogs" ("id" bigserial primary key, "image_url" character varying NOT NULL, "title" character varying NOT NULL, "body" text NOT NULL, "created_at" timestamp NOT NULL, "updated_at" timestamp NOT NULL)[0m
  ↳ db/migrate/20210510180433_create_blogs.rb:3
  [1m[35m (0.9ms)[0m  [1m[35mCREATE  INDEX  "index_blogs_on_title" ON "blogs"  ("title")[0m
  ↳ db/migrate/20210510180433_create_blogs.rb:11
  [1m[36mActiveRecord::SchemaMigration Create (0.6ms)[0m  [1m[32mINSERT INTO "schema_migrations" ("version") VALUES ($1) RETURNING "version"[0m  [["version", "20210510180433"]]
  ↳ bin/rails:9
  [1m[35m (0.9ms)[0m  [1m[35mCOMMIT[0m
  ↳ bin/rails:9
  [1m[36mActiveRecord::InternalMetadata Load (0.7ms)[0m  [1m[34mSELECT  "ar_internal_metadata".* FROM "ar_internal_metadata" WHERE "ar_internal_metadata"."key" = $1 LIMIT $2[0m  [["key", "environment"], ["LIMIT", 1]]
  ↳ bin/rails:9
  [1m[35m (0.1ms)[0m  [1m[35mBEGIN[0m
  ↳ bin/rails:9
  [1m[35m (0.1ms)[0m  [1m[35mCOMMIT[0m
  ↳ bin/rails:9
  [1m[35m (0.3ms)[0m  [1m[34mSELECT pg_advisory_unlock(4133873110424056020)[0m
  ↳ bin/rails:9
  [1m[35m (1.0ms)[0m  [1m[34mSELECT "schema_migrations"."version" FROM "schema_migrations" ORDER BY "schema_migrations"."version" ASC[0m
  ↳ bin/rails:9
  [1m[35m (0.2ms)[0m  [1m[34mSELECT pg_try_advisory_lock(4133873110424056020)[0m
  ↳ bin/rails:9
  [1m[35m (2.9ms)[0m  [1m[34mSELECT "schema_migrations"."version" FROM "schema_migrations" ORDER BY "schema_migrations"."version" ASC[0m
  ↳ bin/rails:9
Migrating to CreatePlantDbs (20210510180813)
  [1m[35m (0.3ms)[0m  [1m[34mSELECT pg_advisory_unlock(4133873110424056020)[0m
  ↳ bin/rails:9
  [1m[35m (0.2ms)[0m  [1m[34mSELECT pg_try_advisory_lock(4133873110424056020)[0m
  ↳ bin/rails:9
  [1m[35m (0.7ms)[0m  [1m[34mSELECT "schema_migrations"."version" FROM "schema_migrations" ORDER BY "schema_migrations"."version" ASC[0m
  ↳ bin/rails:9
Migrating to CreatePlantDbs (20210510180813)
  [1m[35m (0.2ms)[0m  [1m[35mBEGIN[0m
  ↳ bin/rails:9
  [1m[35m (11.0ms)[0m  [1m[35mCREATE TABLE "plant_dbs" ("id" bigserial primary key, "plant_id" integer NOT NULL, "name" character varying NOT NULL, "placement" text, "routine_maintenance" text, "recommended_pots" text, "recommended_accessories" text, "faq" text, "standard_planter_instructions" text, "self_watering_container_instructions" text, "additional_care_guides" text, "created_at" timestamp NOT NULL, "updated_at" timestamp NOT NULL)[0m
  ↳ db/migrate/20210510180813_create_plant_dbs.rb:3
  [1m[35m (0.7ms)[0m  [1m[35mCREATE  INDEX  "index_plant_dbs_on_plant_id" ON "plant_dbs"  ("plant_id")[0m
  ↳ db/migrate/20210510180813_create_plant_dbs.rb:18
  [1m[35m (0.6ms)[0m  [1m[35mCREATE  INDEX  "index_plant_dbs_on_name" ON "plant_dbs"  ("name")[0m
  ↳ db/migrate/20210510180813_create_plant_dbs.rb:19
  [1m[36mActiveRecord::SchemaMigration Create (0.5ms)[0m  [1m[32mINSERT INTO "schema_migrations" ("version") VALUES ($1) RETURNING "version"[0m  [["version", "20210510180813"]]
  ↳ bin/rails:9
  [1m[35m (1.0ms)[0m  [1m[35mCOMMIT[0m
  ↳ bin/rails:9
  [1m[36mActiveRecord::InternalMetadata Load (0.5ms)[0m  [1m[34mSELECT  "ar_internal_metadata".* FROM "ar_internal_metadata" WHERE "ar_internal_metadata"."key" = $1 LIMIT $2[0m  [["key", "environment"], ["LIMIT", 1]]
  ↳ bin/rails:9
  [1m[35m (0.1ms)[0m  [1m[35mBEGIN[0m
  ↳ bin/rails:9
  [1m[35m (0.1ms)[0m  [1m[35mCOMMIT[0m
  ↳ bin/rails:9
  [1m[35m (0.3ms)[0m  [1m[34mSELECT pg_advisory_unlock(4133873110424056020)[0m
  ↳ bin/rails:9
  [1m[35m (0.2ms)[0m  [1m[34mSELECT "schema_migrations"."version" FROM "schema_migrations" ORDER BY "schema_migrations"."version" ASC[0m
  ↳ bin/rails:9
  [1m[35m (1.2ms)[0m  [1m[34mSELECT "schema_migrations"."version" FROM "schema_migrations" ORDER BY "schema_migrations"."version" ASC[0m
  ↳ bin/rails:9
